{"uid":"1ed5cca73cca9bd8","name":"2.4 Кредит по случайному номеру карты, валидное заполнение полей","fullName":"ru.netology.test.PyamentTest.paymentByRandomCardNumber","historyId":"3597b5ce4f9d9fe029f7596b7d690c10","time":{"start":1748590281234,"stop":1748590329483,"duration":48249},"description":"","status":"failed","statusMessage":"Element not found {.notification__content.findBy(text \"Ошибка! Банк отказал в проведении операции.\")}\r\nExpected: visible\r\nScreenshot: file:/C:/Users/Natali/IdeaProjects/Diplom/build/reports/tests/1748590329063.2.png\r\nPage source: file:/C:/Users/Natali/IdeaProjects/Diplom/build/reports/tests/1748590329063.2.html\r\nTimeout: 20 s.\r\nCaused by: NoSuchElementException: Cannot locate an element .notification__content.findBy(text \"Ошибка! Банк отказал в проведении операции.\")","statusTrace":"Element not found {.notification__content.findBy(text \"Ошибка! Банк отказал в проведении операции.\")}\r\nExpected: visible\r\nScreenshot: file:/C:/Users/Natali/IdeaProjects/Diplom/build/reports/tests/1748590329063.2.png\r\nPage source: file:/C:/Users/Natali/IdeaProjects/Diplom/build/reports/tests/1748590329063.2.html\r\nTimeout: 20 s.\r\nCaused by: NoSuchElementException: Cannot locate an element .notification__content.findBy(text \"Ошибка! Банк отказал в проведении операции.\")\r\n\tat com.codeborne.selenide.impl.WebElementSource.createElementNotFoundError(WebElementSource.java:91)\r\n\tat com.codeborne.selenide.impl.WebElementSource.handleError(WebElementSource.java:143)\r\n\tat com.codeborne.selenide.impl.WebElementSource.checkConditionAndReturnElement(WebElementSource.java:127)\r\n\tat com.codeborne.selenide.impl.WebElementSource.checkCondition(WebElementSource.java:104)\r\n\tat com.codeborne.selenide.commands.Should.execute(Should.java:30)\r\n\tat com.codeborne.selenide.commands.Should.execute(Should.java:14)\r\n\tat com.codeborne.selenide.commands.Commands.execute(Commands.java:165)\r\n\tat com.codeborne.selenide.impl.SelenideElementProxy.dispatchAndRetry(SelenideElementProxy.java:132)\r\n\tat com.codeborne.selenide.impl.SelenideElementProxy.invoke(SelenideElementProxy.java:84)\r\n\tat com.sun.proxy.$Proxy29.shouldBe(Unknown Source)\r\n\tat ru.netology.page.CreditCardPage.bankDeclinedOperation(CreditCardPage.java:52)\r\n\tat ru.netology.test.PyamentTest.paymentByRandomCardNumber(PyamentTest.java:115)\r\n\tat java.base/java.lang.reflect.Method.invoke(Method.java:566)\r\n\tat java.base/java.util.ArrayList.forEach(ArrayList.java:1541)\r\n\tat java.base/java.util.ArrayList.forEach(ArrayList.java:1541)\r\nCaused by: org.openqa.selenium.NoSuchElementException: Cannot locate an element .notification__content.findBy(text \"Ошибка! Банк отказал в проведении операции.\")\nFor documentation on this error, please visit: https://www.selenium.dev/documentation/webdriver/troubleshooting/errors#no-such-element-exception\nBuild info: version: '4.13.0', revision: 'ba948ece5b*'\nSystem info: os.name: 'Windows 10', os.arch: 'amd64', os.version: '10.0', java.version: '11.0.26'\nDriver info: driver.version: unknown\r\n\tat com.codeborne.selenide.impl.CollectionElementByCondition.getWebElement(CollectionElementByCondition.java:55)\r\n\tat com.codeborne.selenide.impl.WebElementSource.checkConditionAndReturnElement(WebElementSource.java:116)\r\n\t... 12 more\r\n","flaky":false,"newFailed":false,"newBroken":false,"newPassed":false,"retriesCount":0,"retriesStatusChange":false,"beforeStages":[{"name":"setUpAll","time":{"start":1748589866400,"stop":1748589866400,"duration":0},"status":"passed","steps":[],"attachments":[],"parameters":[],"hasContent":false,"stepsCount":0,"shouldDisplayMessage":false,"attachmentsCount":0},{"name":"setUp","time":{"start":1748590281235,"stop":1748590281280,"duration":45},"status":"passed","steps":[{"name":"$(\"open\") http://localhost:8080","time":{"start":1748590281235,"stop":1748590281280,"duration":45},"status":"passed","steps":[],"attachments":[],"parameters":[],"hasContent":false,"stepsCount":0,"shouldDisplayMessage":false,"attachmentsCount":0}],"attachments":[],"parameters":[],"hasContent":true,"stepsCount":1,"shouldDisplayMessage":false,"attachmentsCount":0}],"testStage":{"description":"","status":"failed","statusMessage":"Element not found {.notification__content.findBy(text \"Ошибка! Банк отказал в проведении операции.\")}\r\nExpected: visible\r\nScreenshot: file:/C:/Users/Natali/IdeaProjects/Diplom/build/reports/tests/1748590329063.2.png\r\nPage source: file:/C:/Users/Natali/IdeaProjects/Diplom/build/reports/tests/1748590329063.2.html\r\nTimeout: 20 s.\r\nCaused by: NoSuchElementException: Cannot locate an element .notification__content.findBy(text \"Ошибка! Банк отказал в проведении операции.\")","statusTrace":"Element not found {.notification__content.findBy(text \"Ошибка! Банк отказал в проведении операции.\")}\r\nExpected: visible\r\nScreenshot: file:/C:/Users/Natali/IdeaProjects/Diplom/build/reports/tests/1748590329063.2.png\r\nPage source: file:/C:/Users/Natali/IdeaProjects/Diplom/build/reports/tests/1748590329063.2.html\r\nTimeout: 20 s.\r\nCaused by: NoSuchElementException: Cannot locate an element .notification__content.findBy(text \"Ошибка! Банк отказал в проведении операции.\")\r\n\tat com.codeborne.selenide.impl.WebElementSource.createElementNotFoundError(WebElementSource.java:91)\r\n\tat com.codeborne.selenide.impl.WebElementSource.handleError(WebElementSource.java:143)\r\n\tat com.codeborne.selenide.impl.WebElementSource.checkConditionAndReturnElement(WebElementSource.java:127)\r\n\tat com.codeborne.selenide.impl.WebElementSource.checkCondition(WebElementSource.java:104)\r\n\tat com.codeborne.selenide.commands.Should.execute(Should.java:30)\r\n\tat com.codeborne.selenide.commands.Should.execute(Should.java:14)\r\n\tat com.codeborne.selenide.commands.Commands.execute(Commands.java:165)\r\n\tat com.codeborne.selenide.impl.SelenideElementProxy.dispatchAndRetry(SelenideElementProxy.java:132)\r\n\tat com.codeborne.selenide.impl.SelenideElementProxy.invoke(SelenideElementProxy.java:84)\r\n\tat com.sun.proxy.$Proxy29.shouldBe(Unknown Source)\r\n\tat ru.netology.page.CreditCardPage.bankDeclinedOperation(CreditCardPage.java:52)\r\n\tat ru.netology.test.PyamentTest.paymentByRandomCardNumber(PyamentTest.java:115)\r\n\tat java.base/java.lang.reflect.Method.invoke(Method.java:566)\r\n\tat java.base/java.util.ArrayList.forEach(ArrayList.java:1541)\r\n\tat java.base/java.util.ArrayList.forEach(ArrayList.java:1541)\r\nCaused by: org.openqa.selenium.NoSuchElementException: Cannot locate an element .notification__content.findBy(text \"Ошибка! Банк отказал в проведении операции.\")\nFor documentation on this error, please visit: https://www.selenium.dev/documentation/webdriver/troubleshooting/errors#no-such-element-exception\nBuild info: version: '4.13.0', revision: 'ba948ece5b*'\nSystem info: os.name: 'Windows 10', os.arch: 'amd64', os.version: '10.0', java.version: '11.0.26'\nDriver info: driver.version: unknown\r\n\tat com.codeborne.selenide.impl.CollectionElementByCondition.getWebElement(CollectionElementByCondition.java:55)\r\n\tat com.codeborne.selenide.impl.WebElementSource.checkConditionAndReturnElement(WebElementSource.java:116)\r\n\t... 12 more\r\n","steps":[{"name":"$(\"with text: Путешествие дня\") should be(visible)","time":{"start":1748590281280,"stop":1748590281318,"duration":38},"status":"passed","steps":[],"attachments":[],"parameters":[],"hasContent":false,"stepsCount":0,"shouldDisplayMessage":false,"attachmentsCount":0},{"name":"$(\"with text: Купить в кредит\") click()","time":{"start":1748590281318,"stop":1748590281482,"duration":164},"status":"passed","steps":[],"attachments":[],"parameters":[],"hasContent":false,"stepsCount":0,"shouldDisplayMessage":false,"attachmentsCount":0},{"name":"$(\"with text: Кредит по данным карты\") should be(visible)","time":{"start":1748590281482,"stop":1748590281517,"duration":35},"status":"passed","steps":[],"attachments":[],"parameters":[],"hasContent":false,"stepsCount":0,"shouldDisplayMessage":false,"attachmentsCount":0},{"name":"$(\"[placeholder='0000 0000 0000 0000']\") double click()","time":{"start":1748590281517,"stop":1748590286205,"duration":4688},"status":"passed","steps":[],"attachments":[],"parameters":[],"hasContent":false,"stepsCount":0,"shouldDisplayMessage":false,"attachmentsCount":0},{"name":"$(\"[placeholder='0000 0000 0000 0000']\") send keys()","time":{"start":1748590286205,"stop":1748590286274,"duration":69},"status":"passed","steps":[],"attachments":[],"parameters":[],"hasContent":false,"stepsCount":0,"shouldDisplayMessage":false,"attachmentsCount":0},{"name":"$(\"[placeholder='08']\") double click()","time":{"start":1748590286276,"stop":1748590291480,"duration":5204},"status":"passed","steps":[],"attachments":[],"parameters":[],"hasContent":false,"stepsCount":0,"shouldDisplayMessage":false,"attachmentsCount":0},{"name":"$(\"[placeholder='08']\") send keys()","time":{"start":1748590291480,"stop":1748590291542,"duration":62},"status":"passed","steps":[],"attachments":[],"parameters":[],"hasContent":false,"stepsCount":0,"shouldDisplayMessage":false,"attachmentsCount":0},{"name":"$(\"[placeholder='22']\") double click()","time":{"start":1748590291543,"stop":1748590296746,"duration":5203},"status":"passed","steps":[],"attachments":[],"parameters":[],"hasContent":false,"stepsCount":0,"shouldDisplayMessage":false,"attachmentsCount":0},{"name":"$(\"[placeholder='22']\") send keys()","time":{"start":1748590296746,"stop":1748590296795,"duration":49},"status":"passed","steps":[],"attachments":[],"parameters":[],"hasContent":false,"stepsCount":0,"shouldDisplayMessage":false,"attachmentsCount":0},{"name":"$(\".input__inner.findBy(text \"Владелец\")/.input__control\") double click()","time":{"start":1748590296795,"stop":1748590302101,"duration":5306},"status":"passed","steps":[],"attachments":[],"parameters":[],"hasContent":false,"stepsCount":0,"shouldDisplayMessage":false,"attachmentsCount":0},{"name":"$(\".input__inner.findBy(text \"Владелец\")/.input__control\") send keys()","time":{"start":1748590302101,"stop":1748590302283,"duration":182},"status":"passed","steps":[],"attachments":[],"parameters":[],"hasContent":false,"stepsCount":0,"shouldDisplayMessage":false,"attachmentsCount":0},{"name":"$(\"[placeholder='999']\") double click()","time":{"start":1748590302283,"stop":1748590307481,"duration":5198},"status":"passed","steps":[],"attachments":[],"parameters":[],"hasContent":false,"stepsCount":0,"shouldDisplayMessage":false,"attachmentsCount":0},{"name":"$(\"[placeholder='999']\") send keys()","time":{"start":1748590307481,"stop":1748590307542,"duration":61},"status":"passed","steps":[],"attachments":[],"parameters":[],"hasContent":false,"stepsCount":0,"shouldDisplayMessage":false,"attachmentsCount":0},{"name":"$(\"[placeholder='0000 0000 0000 0000']\") set value(6455948164338977)","time":{"start":1748590307542,"stop":1748590307812,"duration":270},"status":"passed","steps":[],"attachments":[],"parameters":[],"hasContent":false,"stepsCount":0,"shouldDisplayMessage":false,"attachmentsCount":0},{"name":"$(\"[placeholder='08']\") set value(06)","time":{"start":1748590307812,"stop":1748590308017,"duration":205},"status":"passed","steps":[],"attachments":[],"parameters":[],"hasContent":false,"stepsCount":0,"shouldDisplayMessage":false,"attachmentsCount":0},{"name":"$(\"[placeholder='22']\") set value(26)","time":{"start":1748590308017,"stop":1748590308239,"duration":222},"status":"passed","steps":[],"attachments":[],"parameters":[],"hasContent":false,"stepsCount":0,"shouldDisplayMessage":false,"attachmentsCount":0},{"name":"$(\".input__inner.findBy(text \"Владелец\")/.input__control\") set value(Ms. Xenia Cremin)","time":{"start":1748590308239,"stop":1748590308607,"duration":368},"status":"passed","steps":[],"attachments":[],"parameters":[],"hasContent":false,"stepsCount":0,"shouldDisplayMessage":false,"attachmentsCount":0},{"name":"$(\"[placeholder='999']\") set value(841)","time":{"start":1748590308607,"stop":1748590308817,"duration":210},"status":"passed","steps":[],"attachments":[],"parameters":[],"hasContent":false,"stepsCount":0,"shouldDisplayMessage":false,"attachmentsCount":0},{"name":"$(\".button__content.findBy(exact text \"Продолжить\")\") click()","time":{"start":1748590308817,"stop":1748590309044,"duration":227},"status":"passed","steps":[],"attachments":[],"parameters":[],"hasContent":false,"stepsCount":0,"shouldDisplayMessage":false,"attachmentsCount":0},{"name":"$(\".notification__content.findBy(text \"Ошибка! Банк отказал в проведении операции.\")\") should be([visible, 20 s.])","time":{"start":1748590309044,"stop":1748590329431,"duration":20387},"status":"failed","statusMessage":"Element not found {.notification__content.findBy(text \"Ошибка! Банк отказал в проведении операции.\")}\r\nExpected: visible\r\nScreenshot: file:/C:/Users/Natali/IdeaProjects/Diplom/build/reports/tests/1748590329063.2.png\r\nPage source: file:/C:/Users/Natali/IdeaProjects/Diplom/build/reports/tests/1748590329063.2.html\r\nTimeout: 20 s.\r\nCaused by: NoSuchElementException: Cannot locate an element .notification__content.findBy(text \"Ошибка! Банк отказал в проведении операции.\")","statusTrace":"Element not found {.notification__content.findBy(text \"Ошибка! Банк отказал в проведении операции.\")}\r\nExpected: visible\r\nScreenshot: file:/C:/Users/Natali/IdeaProjects/Diplom/build/reports/tests/1748590329063.2.png\r\nPage source: file:/C:/Users/Natali/IdeaProjects/Diplom/build/reports/tests/1748590329063.2.html\r\nTimeout: 20 s.\r\nCaused by: NoSuchElementException: Cannot locate an element .notification__content.findBy(text \"Ошибка! Банк отказал в проведении операции.\")\r\n\tat com.codeborne.selenide.impl.WebElementSource.createElementNotFoundError(WebElementSource.java:91)\r\n\tat com.codeborne.selenide.impl.WebElementSource.handleError(WebElementSource.java:143)\r\n\tat com.codeborne.selenide.impl.WebElementSource.checkConditionAndReturnElement(WebElementSource.java:127)\r\n\tat com.codeborne.selenide.impl.WebElementSource.checkCondition(WebElementSource.java:104)\r\n\tat com.codeborne.selenide.commands.Should.execute(Should.java:30)\r\n\tat com.codeborne.selenide.commands.Should.execute(Should.java:14)\r\n\tat com.codeborne.selenide.commands.Commands.execute(Commands.java:165)\r\n\tat com.codeborne.selenide.impl.SelenideElementProxy.dispatchAndRetry(SelenideElementProxy.java:132)\r\n\tat com.codeborne.selenide.impl.SelenideElementProxy.invoke(SelenideElementProxy.java:84)\r\n\tat com.sun.proxy.$Proxy29.shouldBe(Unknown Source)\r\n\tat ru.netology.page.CreditCardPage.bankDeclinedOperation(CreditCardPage.java:52)\r\n\tat ru.netology.test.PyamentTest.paymentByRandomCardNumber(PyamentTest.java:115)\r\n\tat java.base/jdk.internal.reflect.NativeMethodAccessorImpl.invoke0(Native Method)\r\n\tat java.base/jdk.internal.reflect.NativeMethodAccessorImpl.invoke(NativeMethodAccessorImpl.java:62)\r\n\tat java.base/jdk.internal.reflect.DelegatingMethodAccessorImpl.invoke(DelegatingMethodAccessorImpl.java:43)\r\n\tat java.base/java.lang.reflect.Method.invoke(Method.java:566)\r\n\tat org.junit.platform.commons.util.ReflectionUtils.invokeMethod(ReflectionUtils.java:728)\r\n\tat org.junit.jupiter.engine.execution.MethodInvocation.proceed(MethodInvocation.java:60)\r\n\tat org.junit.jupiter.engine.execution.InvocationInterceptorChain$ValidatingInvocation.proceed(InvocationInterceptorChain.java:131)\r\n\tat org.junit.jupiter.api.extension.InvocationInterceptor.interceptTestMethod(InvocationInterceptor.java:119)\r\n\tat org.junit.jupiter.engine.execution.InterceptingExecutableInvoker$ReflectiveInterceptorCall.lambda$ofVoidMethod$0(InterceptingExecutableInvoker.java:103)\r\n\tat org.junit.jupiter.engine.execution.InterceptingExecutableInvoker.lambda$invoke$0(InterceptingExecutableInvoker.java:93)\r\n\tat org.junit.jupiter.engine.execution.InvocationInterceptorChain$InterceptedInvocation.proceed(InvocationInterceptorChain.java:106)\r\n\tat org.junit.jupiter.engine.extension.TimeoutExtension.intercept(TimeoutExtension.java:156)\r\n\tat org.junit.jupiter.engine.extension.TimeoutExtension.interceptTestableMethod(TimeoutExtension.java:147)\r\n\tat org.junit.jupiter.engine.extension.TimeoutExtension.interceptTestMethod(TimeoutExtension.java:86)\r\n\tat org.junit.jupiter.engine.execution.InterceptingExecutableInvoker$ReflectiveInterceptorCall.lambda$ofVoidMethod$0(InterceptingExecutableInvoker.java:103)\r\n\tat org.junit.jupiter.engine.execution.InterceptingExecutableInvoker.lambda$invoke$0(InterceptingExecutableInvoker.java:93)\r\n\tat org.junit.jupiter.engine.execution.InvocationInterceptorChain$InterceptedInvocation.proceed(InvocationInterceptorChain.java:106)\r\n\tat org.junit.jupiter.engine.execution.InvocationInterceptorChain.proceed(InvocationInterceptorChain.java:64)\r\n\tat org.junit.jupiter.engine.execution.InvocationInterceptorChain.chainAndInvoke(InvocationInterceptorChain.java:45)\r\n\tat org.junit.jupiter.engine.execution.InvocationInterceptorChain.invoke(InvocationInterceptorChain.java:37)\r\n\tat org.junit.jupiter.engine.execution.InterceptingExecutableInvoker.invoke(InterceptingExecutableInvoker.java:92)\r\n\tat org.junit.jupiter.engine.execution.InterceptingExecutableInvoker.invoke(InterceptingExecutableInvoker.java:86)\r\n\tat org.junit.jupiter.engine.descriptor.TestMethodTestDescriptor.lambda$invokeTestMethod$7(TestMethodTestDescriptor.java:218)\r\n\tat org.junit.platform.engine.support.hierarchical.ThrowableCollector.execute(ThrowableCollector.java:73)\r\n\tat org.junit.jupiter.engine.descriptor.TestMethodTestDescriptor.invokeTestMethod(TestMethodTestDescriptor.java:214)\r\n\tat org.junit.jupiter.engine.descriptor.TestMethodTestDescriptor.execute(TestMethodTestDescriptor.java:139)\r\n\tat org.junit.jupiter.engine.descriptor.TestMethodTestDescriptor.execute(TestMethodTestDescriptor.java:69)\r\n\tat org.junit.platform.engine.support.hierarchical.NodeTestTask.lambda$executeRecursively$6(NodeTestTask.java:151)\r\n\tat org.junit.platform.engine.support.hierarchical.ThrowableCollector.execute(ThrowableCollector.java:73)\r\n\tat org.junit.platform.engine.support.hierarchical.NodeTestTask.lambda$executeRecursively$8(NodeTestTask.java:141)\r\n\tat org.junit.platform.engine.support.hierarchical.Node.around(Node.java:137)\r\n\tat org.junit.platform.engine.support.hierarchical.NodeTestTask.lambda$executeRecursively$9(NodeTestTask.java:139)\r\n\tat org.junit.platform.engine.support.hierarchical.ThrowableCollector.execute(ThrowableCollector.java:73)\r\n\tat org.junit.platform.engine.support.hierarchical.NodeTestTask.executeRecursively(NodeTestTask.java:138)\r\n\tat org.junit.platform.engine.support.hierarchical.NodeTestTask.execute(NodeTestTask.java:95)\r\n\tat java.base/java.util.ArrayList.forEach(ArrayList.java:1541)\r\n\tat org.junit.platform.engine.support.hierarchical.SameThreadHierarchicalTestExecutorService.invokeAll(SameThreadHierarchicalTestExecutorService.java:41)\r\n\tat org.junit.platform.engine.support.hierarchical.NodeTestTask.lambda$executeRecursively$6(NodeTestTask.java:155)\r\n\tat org.junit.platform.engine.support.hierarchical.ThrowableCollector.execute(ThrowableCollector.java:73)\r\n\tat org.junit.platform.engine.support.hierarchical.NodeTestTask.lambda$executeRecursively$8(NodeTestTask.java:141)\r\n\tat org.junit.platform.engine.support.hierarchical.Node.around(Node.java:137)\r\n\tat org.junit.platform.engine.support.hierarchical.NodeTestTask.lambda$executeRecursively$9(NodeTestTask.java:139)\r\n\tat org.junit.platform.engine.support.hierarchical.ThrowableCollector.execute(ThrowableCollector.java:73)\r\n\tat org.junit.platform.engine.support.hierarchical.NodeTestTask.executeRecursively(NodeTestTask.java:138)\r\n\tat org.junit.platform.engine.support.hierarchical.NodeTestTask.execute(NodeTestTask.java:95)\r\n\tat java.base/java.util.ArrayList.forEach(ArrayList.java:1541)\r\n\tat org.junit.platform.engine.support.hierarchical.SameThreadHierarchicalTestExecutorService.invokeAll(SameThreadHierarchicalTestExecutorService.java:41)\r\n\tat org.junit.platform.engine.support.hierarchical.NodeTestTask.lambda$executeRecursively$6(NodeTestTask.java:155)\r\n\tat org.junit.platform.engine.support.hierarchical.ThrowableCollector.execute(ThrowableCollector.java:73)\r\n\tat org.junit.platform.engine.support.hierarchical.NodeTestTask.lambda$executeRecursively$8(NodeTestTask.java:141)\r\n\tat org.junit.platform.engine.support.hierarchical.Node.around(Node.java:137)\r\n\tat org.junit.platform.engine.support.hierarchical.NodeTestTask.lambda$executeRecursively$9(NodeTestTask.java:139)\r\n\tat org.junit.platform.engine.support.hierarchical.ThrowableCollector.execute(ThrowableCollector.java:73)\r\n\tat org.junit.platform.engine.support.hierarchical.NodeTestTask.executeRecursively(NodeTestTask.java:138)\r\n\tat org.junit.platform.engine.support.hierarchical.NodeTestTask.execute(NodeTestTask.java:95)\r\n\tat org.junit.platform.engine.support.hierarchical.SameThreadHierarchicalTestExecutorService.submit(SameThreadHierarchicalTestExecutorService.java:35)\r\n\tat org.junit.platform.engine.support.hierarchical.HierarchicalTestExecutor.execute(HierarchicalTestExecutor.java:57)\r\n\tat org.junit.platform.engine.support.hierarchical.HierarchicalTestEngine.execute(HierarchicalTestEngine.java:54)\r\n\tat org.junit.platform.launcher.core.EngineExecutionOrchestrator.execute(EngineExecutionOrchestrator.java:198)\r\n\tat org.junit.platform.launcher.core.EngineExecutionOrchestrator.execute(EngineExecutionOrchestrator.java:169)\r\n\tat org.junit.platform.launcher.core.EngineExecutionOrchestrator.execute(EngineExecutionOrchestrator.java:93)\r\n\tat org.junit.platform.launcher.core.EngineExecutionOrchestrator.lambda$execute$0(EngineExecutionOrchestrator.java:58)\r\n\tat org.junit.platform.launcher.core.EngineExecutionOrchestrator.withInterceptedStreams(EngineExecutionOrchestrator.java:141)\r\n\tat org.junit.platform.launcher.core.EngineExecutionOrchestrator.execute(EngineExecutionOrchestrator.java:57)\r\n\tat org.junit.platform.launcher.core.DefaultLauncher.execute(DefaultLauncher.java:103)\r\n\tat org.junit.platform.launcher.core.DefaultLauncher.execute(DefaultLauncher.java:85)\r\n\tat org.junit.platform.launcher.core.DelegatingLauncher.execute(DelegatingLauncher.java:47)\r\n\tat org.gradle.api.internal.tasks.testing.junitplatform.JUnitPlatformTestClassProcessor$CollectAllTestClassesExecutor.processAllTestClasses(JUnitPlatformTestClassProcessor.java:124)\r\n\tat org.gradle.api.internal.tasks.testing.junitplatform.JUnitPlatformTestClassProcessor$CollectAllTestClassesExecutor.access$000(JUnitPlatformTestClassProcessor.java:99)\r\n\tat org.gradle.api.internal.tasks.testing.junitplatform.JUnitPlatformTestClassProcessor.stop(JUnitPlatformTestClassProcessor.java:94)\r\n\tat org.gradle.api.internal.tasks.testing.SuiteTestClassProcessor.stop(SuiteTestClassProcessor.java:63)\r\n\tat java.base/jdk.internal.reflect.NativeMethodAccessorImpl.invoke0(Native Method)\r\n\tat java.base/jdk.internal.reflect.NativeMethodAccessorImpl.invoke(NativeMethodAccessorImpl.java:62)\r\n\tat java.base/jdk.internal.reflect.DelegatingMethodAccessorImpl.invoke(DelegatingMethodAccessorImpl.java:43)\r\n\tat java.base/java.lang.reflect.Method.invoke(Method.java:566)\r\n\tat org.gradle.internal.dispatch.ReflectionDispatch.dispatch(ReflectionDispatch.java:36)\r\n\tat org.gradle.internal.dispatch.ReflectionDispatch.dispatch(ReflectionDispatch.java:24)\r\n\tat org.gradle.internal.dispatch.ContextClassLoaderDispatch.dispatch(ContextClassLoaderDispatch.java:33)\r\n\tat org.gradle.internal.dispatch.ProxyDispatchAdapter$DispatchingInvocationHandler.invoke(ProxyDispatchAdapter.java:92)\r\n\tat com.sun.proxy.$Proxy4.stop(Unknown Source)\r\n\tat org.gradle.api.internal.tasks.testing.worker.TestWorker$3.run(TestWorker.java:200)\r\n\tat org.gradle.api.internal.tasks.testing.worker.TestWorker.executeAndMaintainThreadName(TestWorker.java:132)\r\n\tat org.gradle.api.internal.tasks.testing.worker.TestWorker.execute(TestWorker.java:103)\r\n\tat org.gradle.api.internal.tasks.testing.worker.TestWorker.execute(TestWorker.java:63)\r\n\tat org.gradle.process.internal.worker.child.ActionExecutionWorker.execute(ActionExecutionWorker.java:56)\r\n\tat org.gradle.process.internal.worker.child.SystemApplicationClassLoaderWorker.call(SystemApplicationClassLoaderWorker.java:121)\r\n\tat org.gradle.process.internal.worker.child.SystemApplicationClassLoaderWorker.call(SystemApplicationClassLoaderWorker.java:71)\r\n\tat worker.org.gradle.process.internal.worker.GradleWorkerMain.run(GradleWorkerMain.java:69)\r\n\tat worker.org.gradle.process.internal.worker.GradleWorkerMain.main(GradleWorkerMain.java:74)\r\nCaused by: org.openqa.selenium.NoSuchElementException: Cannot locate an element .notification__content.findBy(text \"Ошибка! Банк отказал в проведении операции.\")\nFor documentation on this error, please visit: https://www.selenium.dev/documentation/webdriver/troubleshooting/errors#no-such-element-exception\nBuild info: version: '4.13.0', revision: 'ba948ece5b*'\nSystem info: os.name: 'Windows 10', os.arch: 'amd64', os.version: '10.0', java.version: '11.0.26'\nDriver info: driver.version: unknown\r\n\tat com.codeborne.selenide.impl.CollectionElementByCondition.getWebElement(CollectionElementByCondition.java:55)\r\n\tat com.codeborne.selenide.impl.WebElementSource.checkConditionAndReturnElement(WebElementSource.java:116)\r\n\t... 98 more\r\n","steps":[],"attachments":[{"uid":"413017c37740e042","name":"Screenshot","source":"413017c37740e042.png","type":"image/png","size":183818},{"uid":"ee27c408559a77b0","name":"Page source","source":"ee27c408559a77b0.html","type":"text/html","size":8493}],"parameters":[],"hasContent":true,"stepsCount":0,"shouldDisplayMessage":true,"attachmentsCount":2}],"attachments":[],"parameters":[],"hasContent":true,"stepsCount":20,"shouldDisplayMessage":false,"attachmentsCount":2},"afterStages":[{"name":"shouldCleanBase","time":{"start":1748590329432,"stop":1748590329480,"duration":48},"status":"passed","steps":[],"attachments":[],"parameters":[],"hasContent":false,"stepsCount":0,"shouldDisplayMessage":false,"attachmentsCount":0},{"name":"tearDownAll","time":{"start":1748590553456,"stop":1748590553456,"duration":0},"status":"passed","steps":[],"attachments":[],"parameters":[],"hasContent":false,"stepsCount":0,"shouldDisplayMessage":false,"attachmentsCount":0}],"labels":[{"name":"junit.platform.uniqueid","value":"[engine:junit-jupiter]/[class:ru.netology.test.PyamentTest]/[method:paymentByRandomCardNumber()]"},{"name":"host","value":"DESKTOP-1LI05GL"},{"name":"thread","value":"7380@DESKTOP-1LI05GL.Test worker(1)"},{"name":"framework","value":"junit-platform"},{"name":"language","value":"java"},{"name":"package","value":"ru.netology.test.PyamentTest"},{"name":"testClass","value":"ru.netology.test.PyamentTest"},{"name":"testMethod","value":"paymentByRandomCardNumber"},{"name":"suite","value":"ru.netology.test.PyamentTest"},{"name":"resultFormat","value":"allure2"}],"parameters":[],"links":[],"hidden":false,"retry":false,"extra":{"severity":"normal","retries":[],"categories":[{"name":"Product defects","matchedStatuses":[],"flaky":false}],"tags":[]},"source":"1ed5cca73cca9bd8.json","parameterValues":[]}